[main] INFO  ApiTest  - Inside Before Class.
[main] INFO  ApiTest  - Validation to test API started.
[main] INFO  ApiTest  - Connecting to API url and fetching response.
[main] INFO  ConnectionUtil  - Connecting to API url.
[main] INFO  ConnectionUtil  - Scanning response.
[main] INFO  ApiTest  - Validating Acceptance Criteria #1- Name = 'Carbon credits'
[main] INFO  ApiTest  - Validating Acceptance Criteria #2- CanRelist = 'true'
[main] INFO  ApiTest  - Validating Acceptance Criteria #3- Promotions element with Name = 'Gallery' has a Description that contains the text '2x larger image'
[main] INFO  ApiTest  - Inside After Class.
[main] INFO  ApiTest  - Inside Before Class.
[main] INFO  ApiTest  - Inside After Class.
[main] INFO  ApiTest  - Inside Before Class.
[main] INFO  ApiTest  - Validation to test API started.
[main] INFO  ApiTest  - Connecting to API url and fetching response.
[main] INFO  ConnectionUtil  - Connecting to API url.
[main] INFO  ConnectionUtil  - Scanning response.
[main] INFO  ApiTest  - Validating Acceptance Criteria #1- Name = 'Carbon credits'
[main] INFO  ApiTest  - Validating Acceptance Criteria #2- CanRelist = 'true'
[main] INFO  ApiTest  - Validating Acceptance Criteria #3- Promotions element with Name = 'Gallery' has a Description that contains the text '2x larger image'
[main] INFO  ApiTest  - Inside After Class.
[main] INFO  ApiTest  - Inside Before Class.
[main] INFO  ApiTest  - Validation to test API started.
[main] INFO  ApiTest  - Connecting to API url and fetching response.
[main] INFO  ConnectionUtil  - Connecting to API url.
[main] INFO  ConnectionUtil  - Scanning response.
[main] INFO  ApiTest  - Validating Acceptance Criteria #1- Name = 'Carbon credits'
[main] INFO  ApiTest  - Validating Acceptance Criteria #2- CanRelist = 'true'
[main] INFO  ApiTest  - Validating Acceptance Criteria #3- Promotions element with Name = 'Gallery' has a Description that contains the text '2x larger image'
[main] INFO  ApiTest  - Inside After Class.
[main] INFO  ApiTest  - Inside Before Class.
[main] INFO  ApiTest  - Validation to test API started.
[main] INFO  ApiTest  - Connecting to API url and fetching response.
[main] INFO  ConnectionUtil  - Scanning response.
[main] INFO  ApiTest  - Validating Acceptance Criteria #1- Name = 'Carbon credits'
[main] INFO  ApiTest  - Validating Acceptance Criteria #2- CanRelist = 'true'
[main] INFO  ApiTest  - Validating Acceptance Criteria #3- Promotions element with Name = 'Gallery' has a Description that contains the text '2x larger image'
[main] INFO  ApiTest  - Inside After Class.
[main] INFO  ApiTest  - Inside Before Class.
[main] INFO  ApiTest  - Validation to test API started.
[main] INFO  ApiTest  - Connecting to API url and fetching response.
[main] INFO  ConnectionUtil  - Scanning response.
[main] INFO  ApiTest  - Validating Acceptance Criteria #1- Name = 'Carbon credits'
[main] INFO  ApiTest  - Validating Acceptance Criteria #2- CanRelist = 'true'
[main] INFO  ApiTest  - Validating Acceptance Criteria #3- Promotions element with Name = 'Gallery' has a Description that contains the text '2x larger image'
[main] INFO  ApiTest  - Inside After Class.
[main] INFO  ApiTest  - Inside Before Class.
[main] INFO  ApiTest  - Validation to test API started.
[main] INFO  ApiTest  - Connecting to API url and fetching response.
[main] INFO  ConnectionUtil  - Scanning response.
[main] INFO  ApiTest  - Validating Acceptance Criteria #1- Name = 'Carbon credits'
[main] INFO  ApiTest  - Validating Acceptance Criteria #2- CanRelist = 'true'
[main] INFO  ApiTest  - Validating Acceptance Criteria #3- Promotions element with Name = 'Gallery' has a Description that contains the text '2x larger image'
[main] INFO  ApiTest  - Inside After Class.
[main] INFO  ApiTest  - Inside Before Class.
[main] INFO  ApiTest  - Validation to test API started.
[main] INFO  ApiTest  - Connecting to API url and fetching response.
[main] INFO  ConnectionUtil  - Scanning response.
[main] INFO  ApiTest  - Validating Acceptance Criteria #1- Name = 'Carbon credits'
[main] INFO  ApiTest  - Validating Acceptance Criteria #2- CanRelist = 'true'
[main] INFO  ApiTest  - Validating Acceptance Criteria #3- Promotions element with Name = 'Gallery' has a Description that contains the text '2x larger image'
[main] INFO  ApiTest  - Disconnecting to API url.
[main] INFO  ApiTest  - API Connection closed.
[main] INFO  ApiTest  - Validation to test API finished.
[main] INFO  ApiTest  - Inside After Class.
[main] INFO  ApiTest  - Inside Before Class.
[main] INFO  ApiTest  - Validation to test API started.
[main] INFO  ApiTest  - Connecting to API url and fetching response.
[main] INFO  ConnectionUtil  - API Connection opened.
[main] INFO  ConnectionUtil  - Scanning response.
[main] INFO  ApiTest  - Validating Acceptance Criteria #1- Name = 'Carbon credits'
[main] INFO  ApiTest  - Validating Acceptance Criteria #2- CanRelist = 'true'
[main] INFO  ApiTest  - Validating Acceptance Criteria #3- Promotions element with Name = 'Gallery' has a Description that contains the text '2x larger image'
[main] INFO  ApiTest  - Disconnecting to API url.
[main] INFO  ApiTest  - API Connection closed.
[main] INFO  ApiTest  - Validation to test API finished.
[main] INFO  ApiTest  - Inside After Class.
[main] INFO  ApiTest  - Inside Before Class.
[main] INFO  ApiTest  - Validation to test API started.
[main] INFO  ApiTest  - Connecting to API url and fetching response.
[main] INFO  ConnectionUtil  - API Connection success.
[main] INFO  ConnectionUtil  - Scanning response.
[main] INFO  ApiTest  - Validating Acceptance Criteria #1- Name = 'Carbon credits'
[main] INFO  ApiTest  - Inside After Class.
[main] INFO  ApiTest  - Inside Before Class.
[main] INFO  ApiTest  - Validation to test API started.
[main] INFO  ApiTest  - Connecting to API url and fetching response.
[main] INFO  ConnectionUtil  - API Connection success.
[main] INFO  ConnectionUtil  - Scanning response.
[main] INFO  ApiTest  - Validating Acceptance Criteria #1- Name = 'Carbon credits'
[main] INFO  ApiTest  - Inside After Class.
[main] INFO  ApiTest  - Inside Before Class.
[main] INFO  ApiTest  - Validation to test API started.
[main] INFO  ApiTest  - Connecting to API url and fetching response.
[main] INFO  ConnectionUtil  - API Connection success.
[main] INFO  ConnectionUtil  - Scanning response.
[main] INFO  ApiTest  - Validating Acceptance Criteria #1- Name = 'Carbon credits'
[main] INFO  ApiTest  - Validating Acceptance Criteria #2- CanRelist = 'true'
[main] INFO  ApiTest  - Inside After Class.
[main] INFO  ApiTest  - Inside Before Class.
[main] INFO  ApiTest  - Validation to test API started.
[main] INFO  ApiTest  - Connecting to API url and fetching response.
[main] INFO  ConnectionUtil  - API Connection success.
[main] INFO  ConnectionUtil  - Scanning response.
[main] INFO  ApiTest  - Validating Acceptance Criteria #1- Name = 'Carbon credits'
[main] INFO  ApiTest  - Validating Acceptance Criteria #2- CanRelist = 'true'
[main] INFO  ApiTest  - Validating Acceptance Criteria #3- Promotions element with Name = 'Gallery' has a Description that contains the text '2x larger image'
[main] INFO  ApiTest  - Inside After Class.
[main] INFO  ApiTest  - Inside Before Class.
[main] INFO  ApiTest  - Validation to test API started.
[main] INFO  ApiTest  - Connecting to API url and fetching response.
[main] INFO  ConnectionUtil  - API Connection success.
[main] INFO  ConnectionUtil  - Scanning response.
[main] INFO  ApiTest  - Validating Acceptance Criteria #1- Name = 'Carbon credits'
[main] INFO  ApiTest  - Validating Acceptance Criteria #2- CanRelist = 'true'
[main] INFO  ApiTest  - Validating Acceptance Criteria #3- Promotions element with Name = 'Gallery' has a Description that contains the text '2x larger image'
[main] INFO  ApiTest  - Inside After Class.
[main] INFO  ApiTest  - Inside Before Class.
[main] INFO  ApiTest  - Validation to test API started.
[main] INFO  ApiTest  - Connecting to API url and fetching response.
[main] INFO  ConnectionUtil  - API Connection success.
[main] INFO  ConnectionUtil  - Scanning response.
[main] INFO  ApiTest  - Validating Acceptance Criteria #1- Name = 'Carbon credits'
[main] INFO  ApiTest  - Validating Acceptance Criteria #2- CanRelist = 'true'
[main] INFO  ApiTest  - Validating Acceptance Criteria #3- Promotions element with Name = 'Gallery' has a Description that contains the text '2x larger image'
[main] INFO  ApiTest  - Disconnecting to API url.
[main] INFO  ApiTest  - API Connection closed.
[main] INFO  ApiTest  - Validation to test API finished.
[main] INFO  ApiTest  - Inside After Class.
[main] INFO  ApiTest  - Inside Before Class.
[main] INFO  ApiTest  - Validation to test API started.
[main] INFO  ApiTest  - Connecting to API url and fetching response.
[main] INFO  ConnectionUtil  - API Connection success.
[main] INFO  ConnectionUtil  - Scanning response.
[main] INFO  ApiTest  - Validating Acceptance Criteria #1- Name = 'Carbon credits'
[main] INFO  ApiTest  - Validating Acceptance Criteria #2- CanRelist = 'true'
[main] INFO  ApiTest  - Validating Acceptance Criteria #3- Promotions element with Name = 'Gallery' has a Description that contains the text '2x larger image'
[main] INFO  ApiTest  - Disconnecting to API url.
[main] INFO  ApiTest  - API Connection closed.
[main] INFO  ApiTest  - Validation to test API finished.
[main] INFO  ApiTest  - Inside After Class.
[main] INFO  ApiTest  - Inside Before Class.
[main] INFO  ApiTest  - Validation to test API started.
[main] INFO  ApiTest  - Connecting to API url and fetching response.
[main] ERROR ConnectionUtil  - IOException has occured. API Connection failed.
[main] INFO  ApiTest  - Inside After Class.
[main] INFO  ApiTest  - Inside Before Class.
[main] INFO  ApiTest  - Validation to test API started.
[main] INFO  ApiTest  - Connecting to API url and fetching response.
[main] INFO  ConnectionUtil  - API Connection success.
[main] INFO  ConnectionUtil  - Scanning response.
[main] INFO  ApiTest  - Validating Acceptance Criteria #1- Name = 'Carbon credits'
[main] INFO  ApiTest  - Validating Acceptance Criteria #2- CanRelist = 'true'
[main] INFO  ApiTest  - Validating Acceptance Criteria #3- Promotions element with Name = 'Gallery' has a Description that contains the text '2x larger image'
[main] INFO  ApiTest  - Disconnecting to API url.
[main] INFO  ApiTest  - API Connection closed.
[main] INFO  ApiTest  - Validation to test API finished.
[main] INFO  ApiTest  - Inside After Class.
[main] INFO  ApiTest  - Inside Before Class.
[main] INFO  ApiTest  - Validation to test API started.
[main] INFO  ApiTest  - Connecting to API url and fetching response.
[main] ERROR ConnectionUtil  - Invalid response code. API Connection failed.
[main] INFO  ApiTest  - Inside After Class.
[main] INFO  ApiTest  - Inside Before Class.
[main] INFO  ApiTest  - Validation to test API started.
[main] INFO  ApiTest  - Connecting to API url and fetching response.
[main] INFO  ApiTest  - Inside After Class.
[main] INFO  ApiTest  - Inside Before Class.
[main] INFO  ApiTest  - Validation to test API started.
[main] INFO  ApiTest  - Connecting to API url and fetching response.
[main] INFO  ApiTest  - Inside After Class.
[main] INFO  ApiTest  - Inside Before Class.
[main] INFO  ApiTest  - Validation to test API started.
[main] INFO  ApiTest  - Connecting to API url and fetching response.
[main] INFO  ApiTest  - Inside After Class.
[main] INFO  ApiTest  - Inside Before Class.
[main] INFO  ApiTest  - Validation to test API started.
[main] INFO  ApiTest  - Connecting to API url and fetching response.
[main] INFO  ConnectionUtil  - API Connection success.
[main] INFO  ConnectionUtil  - Scanning response.
[main] INFO  ApiTest  - Validating Acceptance Criteria #1- Name = 'Carbon credits'
[main] INFO  ApiTest  - Validating Acceptance Criteria #2- CanRelist = 'true'
[main] INFO  ApiTest  - Validating Acceptance Criteria #3- Promotions element with Name = 'Gallery' has a Description that contains the text '2x larger image'
[main] INFO  ApiTest  - Disconnecting to API url.
[main] INFO  ApiTest  - API Connection closed.
[main] INFO  ApiTest  - Validation to test API finished.
[main] INFO  ApiTest  - Inside After Class.
